[29-Aug-2025 22:25:52 Asia/Kolkata] PHP Warning:  mysqli_connect(): php_network_getaddresses: getaddrinfo failed: No such host is known.  in C:\xampp\htdocs\ecommerce\includes\db.php on line 15
[29-Aug-2025 22:25:52 Asia/Kolkata] PHP Warning:  mysqli_connect(): (HY000/2002): php_network_getaddresses: getaddrinfo failed: No such host is known.  in C:\xampp\htdocs\ecommerce\includes\db.php on line 15
[29-Aug-2025 22:27:18 Asia/Kolkata] PHP Warning:  mysqli_connect(): php_network_getaddresses: getaddrinfo failed: No such host is known.  in C:\xampp\htdocs\ecommerce\includes\db.php on line 4
[29-Aug-2025 22:27:18 Asia/Kolkata] PHP Warning:  mysqli_connect(): (HY000/2002): php_network_getaddresses: getaddrinfo failed: No such host is known.  in C:\xampp\htdocs\ecommerce\includes\db.php on line 4
[29-Aug-2025 22:27:18 Asia/Kolkata] Database connection failed: php_network_getaddresses: getaddrinfo failed: No such host is known. 
[29-Aug-2025 22:30:55 Asia/Kolkata] PHP Warning:  Undefined variable $conn in C:\xampp\htdocs\ecommerce\includes\db.php on line 4
[29-Aug-2025 22:30:55 Asia/Kolkata] Database connection failed: 
[29-Aug-2025 22:32:07 Asia/Kolkata] PHP Warning:  mysqli_connect(): php_network_getaddresses: getaddrinfo failed: No such host is known.  in C:\xampp\htdocs\ecommerce\includes\db.php on line 8
[29-Aug-2025 22:32:07 Asia/Kolkata] PHP Warning:  mysqli_connect(): (HY000/2002): php_network_getaddresses: getaddrinfo failed: No such host is known.  in C:\xampp\htdocs\ecommerce\includes\db.php on line 8
[29-Aug-2025 22:32:07 Asia/Kolkata] Database connection failed: php_network_getaddresses: getaddrinfo failed: No such host is known. 
[29-Aug-2025 22:33:10 Asia/Kolkata] PHP Warning:  mysqli_connect(): php_network_getaddresses: getaddrinfo failed: No such host is known.  in C:\xampp\htdocs\ecommerce\includes\db.php on line 12
[29-Aug-2025 22:33:10 Asia/Kolkata] PHP Warning:  mysqli_connect(): (HY000/2002): php_network_getaddresses: getaddrinfo failed: No such host is known.  in C:\xampp\htdocs\ecommerce\includes\db.php on line 12
[29-Aug-2025 22:33:10 Asia/Kolkata] Database connection failed: php_network_getaddresses: getaddrinfo failed: No such host is known. 
[29-Aug-2025 22:33:12 Asia/Kolkata] PHP Warning:  mysqli_connect(): php_network_getaddresses: getaddrinfo failed: No such host is known.  in C:\xampp\htdocs\ecommerce\includes\db.php on line 12
[29-Aug-2025 22:33:12 Asia/Kolkata] PHP Warning:  mysqli_connect(): (HY000/2002): php_network_getaddresses: getaddrinfo failed: No such host is known.  in C:\xampp\htdocs\ecommerce\includes\db.php on line 12
[29-Aug-2025 22:33:12 Asia/Kolkata] Database connection failed: php_network_getaddresses: getaddrinfo failed: No such host is known. 
[29-Aug-2025 22:33:13 Asia/Kolkata] PHP Warning:  mysqli_connect(): php_network_getaddresses: getaddrinfo failed: No such host is known.  in C:\xampp\htdocs\ecommerce\includes\db.php on line 12
[29-Aug-2025 22:33:13 Asia/Kolkata] PHP Warning:  mysqli_connect(): (HY000/2002): php_network_getaddresses: getaddrinfo failed: No such host is known.  in C:\xampp\htdocs\ecommerce\includes\db.php on line 12
[29-Aug-2025 22:33:13 Asia/Kolkata] Database connection failed: php_network_getaddresses: getaddrinfo failed: No such host is known. 
[29-Aug-2025 22:33:41 Asia/Kolkata] PHP Warning:  Undefined variable $servername in C:\xampp\htdocs\ecommerce\includes\db.php on line 3
[29-Aug-2025 22:33:41 Asia/Kolkata] PHP Warning:  Undefined variable $username in C:\xampp\htdocs\ecommerce\includes\db.php on line 3
[29-Aug-2025 22:33:41 Asia/Kolkata] PHP Warning:  Undefined variable $password in C:\xampp\htdocs\ecommerce\includes\db.php on line 3
[29-Aug-2025 22:33:41 Asia/Kolkata] PHP Warning:  Undefined variable $dbname in C:\xampp\htdocs\ecommerce\includes\db.php on line 3
[29-Aug-2025 22:33:41 Asia/Kolkata] PHP Warning:  mysqli_connect(): (HY000/1045): Access denied for user ''@'localhost' (using password: NO) in C:\xampp\htdocs\ecommerce\includes\db.php on line 3
[29-Aug-2025 22:33:41 Asia/Kolkata] Database connection failed: Access denied for user ''@'localhost' (using password: NO)
[29-Aug-2025 22:34:01 Asia/Kolkata] PHP Warning:  Undefined variable $conn in C:\xampp\htdocs\ecommerce\includes\db.php on line 3
[29-Aug-2025 22:34:01 Asia/Kolkata] Database connection failed: 
[29-Aug-2025 22:34:01 Asia/Kolkata] PHP Warning:  Undefined variable $conn in C:\xampp\htdocs\ecommerce\includes\db.php on line 3
[29-Aug-2025 22:34:01 Asia/Kolkata] Database connection failed: 
[29-Aug-2025 22:34:48 Asia/Kolkata] PHP Warning:  Undefined variable $conn in C:\xampp\htdocs\ecommerce\includes\db.php on line 3
[29-Aug-2025 22:34:48 Asia/Kolkata] PHP Warning:  Undefined variable $servername in C:\xampp\htdocs\ecommerce\includes\db.php on line 7
[29-Aug-2025 22:34:48 Asia/Kolkata] PHP Warning:  Undefined variable $username in C:\xampp\htdocs\ecommerce\includes\db.php on line 7
[29-Aug-2025 22:34:48 Asia/Kolkata] PHP Warning:  Undefined variable $password in C:\xampp\htdocs\ecommerce\includes\db.php on line 7
[29-Aug-2025 22:34:48 Asia/Kolkata] PHP Warning:  Undefined variable $dbname in C:\xampp\htdocs\ecommerce\includes\db.php on line 7
[29-Aug-2025 22:34:48 Asia/Kolkata] PHP Warning:  mysqli_connect(): (HY000/1045): Access denied for user ''@'localhost' (using password: NO) in C:\xampp\htdocs\ecommerce\includes\db.php on line 7
[29-Aug-2025 22:34:48 Asia/Kolkata] PHP Notice:  session_start(): Ignoring session_start() because a session is already active in C:\xampp\htdocs\ecommerce\pages\login.php on line 5
[29-Aug-2025 22:34:57 Asia/Kolkata] PHP Warning:  Undefined variable $conn in C:\xampp\htdocs\ecommerce\includes\db.php on line 3
[29-Aug-2025 22:34:57 Asia/Kolkata] PHP Warning:  Undefined variable $servername in C:\xampp\htdocs\ecommerce\includes\db.php on line 7
[29-Aug-2025 22:34:57 Asia/Kolkata] PHP Warning:  Undefined variable $username in C:\xampp\htdocs\ecommerce\includes\db.php on line 7
[29-Aug-2025 22:34:57 Asia/Kolkata] PHP Warning:  Undefined variable $password in C:\xampp\htdocs\ecommerce\includes\db.php on line 7
[29-Aug-2025 22:34:57 Asia/Kolkata] PHP Warning:  Undefined variable $dbname in C:\xampp\htdocs\ecommerce\includes\db.php on line 7
[29-Aug-2025 22:34:57 Asia/Kolkata] PHP Warning:  mysqli_connect(): (HY000/1045): Access denied for user ''@'localhost' (using password: NO) in C:\xampp\htdocs\ecommerce\includes\db.php on line 7
[29-Aug-2025 22:34:57 Asia/Kolkata] PHP Notice:  session_start(): Ignoring session_start() because a session is already active in C:\xampp\htdocs\ecommerce\pages\login.php on line 5
[29-Aug-2025 22:35:06 Asia/Kolkata] PHP Warning:  Undefined variable $conn in C:\xampp\htdocs\ecommerce\includes\db.php on line 3
[29-Aug-2025 22:35:06 Asia/Kolkata] Database connection failed: 
[29-Aug-2025 22:36:17 Asia/Kolkata] PHP Warning:  Undefined variable $conn in C:\xampp\htdocs\ecommerce\includes\db.php on line 3
[29-Aug-2025 22:36:17 Asia/Kolkata] PHP Warning:  Undefined variable $conn in C:\xampp\htdocs\ecommerce\includes\db.php on line 3
[29-Aug-2025 22:36:18 Asia/Kolkata] PHP Warning:  Undefined variable $conn in C:\xampp\htdocs\ecommerce\includes\db.php on line 3
[29-Aug-2025 22:36:52 Asia/Kolkata] PHP Notice:  session_start(): Ignoring session_start() because a session is already active in C:\xampp\htdocs\ecommerce\pages\login.php on line 5
[29-Aug-2025 22:40:03 Asia/Kolkata] PHP Notice:  session_start(): Ignoring session_start() because a session is already active in C:\xampp\htdocs\ecommerce\admin\manage_products.php on line 5
[30-Aug-2025 11:56:33 Asia/Kolkata] PHP Notice:  session_start(): Ignoring session_start() because a session is already active in C:\xampp\htdocs\ecommerce\admin\manage_products.php on line 5
